<?xml version="1.0" encoding="UTF-8"?>
<testsuite xmlns:xsi="http://www.w3.org/2001/XMLSchema-instance" xsi:noNamespaceSchemaLocation="https://maven.apache.org/surefire/maven-surefire-plugin/xsd/surefire-test-report.xsd" name="TestSuite" time="14.145" tests="1" errors="0" skipped="0" failures="0">
  <properties>
    <property name="sun.desktop" value="windows"/>
    <property name="awt.toolkit" value="sun.awt.windows.WToolkit"/>
    <property name="file.encoding.pkg" value="sun.io"/>
    <property name="java.specification.version" value="1.8"/>
    <property name="sun.cpu.isalist" value="amd64"/>
    <property name="sun.jnu.encoding" value="Cp1252"/>
    <property name="java.class.path" value="C:\Users\acostaad.CORPDOM\.m2\repository\org\apache\maven\surefire\surefire-booter\2.22.0\surefire-booter-2.22.0.jar;C:\Users\acostaad.CORPDOM\.m2\repository\org\apache\maven\surefire\surefire-api\2.22.0\surefire-api-2.22.0.jar;C:\Users\acostaad.CORPDOM\.m2\repository\org\apache\maven\surefire\surefire-logger-api\2.22.0\surefire-logger-api-2.22.0.jar;C:\Users\acostaad.CORPDOM\IdeaProjects\opencart-e2e-framework\target\test-classes;C:\Users\acostaad.CORPDOM\IdeaProjects\opencart-e2e-framework\target\classes;C:\Users\acostaad.CORPDOM\.m2\repository\io\github\bonigarcia\webdrivermanager\4.0.0\webdrivermanager-4.0.0.jar;C:\Users\acostaad.CORPDOM\.m2\repository\org\slf4j\slf4j-api\1.7.30\slf4j-api-1.7.30.jar;C:\Users\acostaad.CORPDOM\.m2\repository\commons-io\commons-io\2.6\commons-io-2.6.jar;C:\Users\acostaad.CORPDOM\.m2\repository\org\apache\commons\commons-lang3\3.10\commons-lang3-3.10.jar;C:\Users\acostaad.CORPDOM\.m2\repository\org\apache\httpcomponents\client5\httpclient5\5.0\httpclient5-5.0.jar;C:\Users\acostaad.CORPDOM\.m2\repository\org\apache\httpcomponents\core5\httpcore5\5.0\httpcore5-5.0.jar;C:\Users\acostaad.CORPDOM\.m2\repository\org\apache\httpcomponents\core5\httpcore5-h2\5.0\httpcore5-h2-5.0.jar;C:\Users\acostaad.CORPDOM\.m2\repository\commons-codec\commons-codec\1.13\commons-codec-1.13.jar;C:\Users\acostaad.CORPDOM\.m2\repository\org\rauschig\jarchivelib\1.0.0\jarchivelib-1.0.0.jar;C:\Users\acostaad.CORPDOM\.m2\repository\org\apache\commons\commons-compress\1.18\commons-compress-1.18.jar;C:\Users\acostaad.CORPDOM\.m2\repository\org\jsoup\jsoup\1.13.1\jsoup-1.13.1.jar;C:\Users\acostaad.CORPDOM\.m2\repository\org\seleniumhq\selenium\selenium-java\3.141.59\selenium-java-3.141.59.jar;C:\Users\acostaad.CORPDOM\.m2\repository\org\seleniumhq\selenium\selenium-api\3.141.59\selenium-api-3.141.59.jar;C:\Users\acostaad.CORPDOM\.m2\repository\org\seleniumhq\selenium\selenium-chrome-driver\3.141.59\selenium-chrome-driver-3.141.59.jar;C:\Users\acostaad.CORPDOM\.m2\repository\org\seleniumhq\selenium\selenium-edge-driver\3.141.59\selenium-edge-driver-3.141.59.jar;C:\Users\acostaad.CORPDOM\.m2\repository\org\seleniumhq\selenium\selenium-firefox-driver\3.141.59\selenium-firefox-driver-3.141.59.jar;C:\Users\acostaad.CORPDOM\.m2\repository\org\seleniumhq\selenium\selenium-ie-driver\3.141.59\selenium-ie-driver-3.141.59.jar;C:\Users\acostaad.CORPDOM\.m2\repository\org\seleniumhq\selenium\selenium-opera-driver\3.141.59\selenium-opera-driver-3.141.59.jar;C:\Users\acostaad.CORPDOM\.m2\repository\org\seleniumhq\selenium\selenium-remote-driver\3.141.59\selenium-remote-driver-3.141.59.jar;C:\Users\acostaad.CORPDOM\.m2\repository\org\seleniumhq\selenium\selenium-safari-driver\3.141.59\selenium-safari-driver-3.141.59.jar;C:\Users\acostaad.CORPDOM\.m2\repository\org\seleniumhq\selenium\selenium-support\3.141.59\selenium-support-3.141.59.jar;C:\Users\acostaad.CORPDOM\.m2\repository\net\bytebuddy\byte-buddy\1.8.15\byte-buddy-1.8.15.jar;C:\Users\acostaad.CORPDOM\.m2\repository\org\apache\commons\commons-exec\1.3\commons-exec-1.3.jar;C:\Users\acostaad.CORPDOM\.m2\repository\com\google\guava\guava\25.0-jre\guava-25.0-jre.jar;C:\Users\acostaad.CORPDOM\.m2\repository\com\google\code\findbugs\jsr305\1.3.9\jsr305-1.3.9.jar;C:\Users\acostaad.CORPDOM\.m2\repository\org\checkerframework\checker-compat-qual\2.0.0\checker-compat-qual-2.0.0.jar;C:\Users\acostaad.CORPDOM\.m2\repository\com\google\errorprone\error_prone_annotations\2.1.3\error_prone_annotations-2.1.3.jar;C:\Users\acostaad.CORPDOM\.m2\repository\com\google\j2objc\j2objc-annotations\1.1\j2objc-annotations-1.1.jar;C:\Users\acostaad.CORPDOM\.m2\repository\org\codehaus\mojo\animal-sniffer-annotations\1.14\animal-sniffer-annotations-1.14.jar;C:\Users\acostaad.CORPDOM\.m2\repository\com\squareup\okhttp3\okhttp\3.11.0\okhttp-3.11.0.jar;C:\Users\acostaad.CORPDOM\.m2\repository\com\squareup\okio\okio\1.14.0\okio-1.14.0.jar;C:\Users\acostaad.CORPDOM\.m2\repository\org\testng\testng\7.1.0\testng-7.1.0.jar;C:\Users\acostaad.CORPDOM\.m2\repository\com\beust\jcommander\1.72\jcommander-1.72.jar;C:\Users\acostaad.CORPDOM\.m2\repository\com\google\inject\guice\4.1.0\guice-4.1.0-no_aop.jar;C:\Users\acostaad.CORPDOM\.m2\repository\javax\inject\javax.inject\1\javax.inject-1.jar;C:\Users\acostaad.CORPDOM\.m2\repository\aopalliance\aopalliance\1.0\aopalliance-1.0.jar;C:\Users\acostaad.CORPDOM\.m2\repository\org\yaml\snakeyaml\1.21\snakeyaml-1.21.jar;C:\Users\acostaad.CORPDOM\.m2\repository\io\qameta\allure\allure-testng\2.13.3\allure-testng-2.13.3.jar;C:\Users\acostaad.CORPDOM\.m2\repository\io\qameta\allure\allure-java-commons\2.13.3\allure-java-commons-2.13.3.jar;C:\Users\acostaad.CORPDOM\.m2\repository\io\qameta\allure\allure-model\2.13.3\allure-model-2.13.3.jar;C:\Users\acostaad.CORPDOM\.m2\repository\com\fasterxml\jackson\core\jackson-databind\2.9.8\jackson-databind-2.9.8.jar;C:\Users\acostaad.CORPDOM\.m2\repository\com\fasterxml\jackson\core\jackson-annotations\2.9.0\jackson-annotations-2.9.0.jar;C:\Users\acostaad.CORPDOM\.m2\repository\com\fasterxml\jackson\core\jackson-core\2.9.8\jackson-core-2.9.8.jar;C:\Users\acostaad.CORPDOM\.m2\repository\org\apache\tika\tika-core\1.20\tika-core-1.20.jar;C:\Users\acostaad.CORPDOM\.m2\repository\org\jooq\joor-java-8\0.9.10\joor-java-8-0.9.10.jar;C:\Users\acostaad.CORPDOM\.m2\repository\com\google\code\gson\gson\2.8.6\gson-2.8.6.jar;C:\Users\acostaad.CORPDOM\.m2\repository\org\apache\maven\surefire\surefire-testng-utils\2.22.0\surefire-testng-utils-2.22.0.jar;C:\Users\acostaad.CORPDOM\.m2\repository\org\apache\maven\surefire\surefire-grouper\2.22.0\surefire-grouper-2.22.0.jar;C:\Users\acostaad.CORPDOM\.m2\repository\org\apache\maven\surefire\surefire-testng\2.22.0\surefire-testng-2.22.0.jar;C:\Users\acostaad.CORPDOM\.m2\repository\org\apache\maven\surefire\common-java5\2.22.0\common-java5-2.22.0.jar;C:\Users\acostaad.CORPDOM\.m2\repository/org/aspectj/aspectjweaver/1.8.10/aspectjweaver-1.8.10.jar"/>
    <property name="java.vm.vendor" value="Oracle Corporation"/>
    <property name="sun.arch.data.model" value="64"/>
    <property name="user.variant" value=""/>
    <property name="java.vendor.url" value="http://java.oracle.com/"/>
    <property name="user.timezone" value="America/Regina"/>
    <property name="java.vm.specification.version" value="1.8"/>
    <property name="os.name" value="Windows 10"/>
    <property name="user.country" value="US"/>
    <property name="sun.java.launcher" value="SUN_STANDARD"/>
    <property name="sun.boot.library.path" value="C:\Program Files\Java\jdk1.8.0_251\jre\bin"/>
    <property name="sun.java.command" value="org.apache.maven.surefire.booter.ForkedBooter C:\Users\acostaad.CORPDOM\AppData\Local\Temp\surefire8983628167130485978 2020-07-03T01-12-15_662-jvmRun1 surefire2723606198800002210tmp surefire_02364808802714723318tmp"/>
    <property name="surefire.test.class.path" value="C:\Users\acostaad.CORPDOM\IdeaProjects\opencart-e2e-framework\target\test-classes;C:\Users\acostaad.CORPDOM\IdeaProjects\opencart-e2e-framework\target\classes;C:\Users\acostaad.CORPDOM\.m2\repository\io\github\bonigarcia\webdrivermanager\4.0.0\webdrivermanager-4.0.0.jar;C:\Users\acostaad.CORPDOM\.m2\repository\org\slf4j\slf4j-api\1.7.30\slf4j-api-1.7.30.jar;C:\Users\acostaad.CORPDOM\.m2\repository\commons-io\commons-io\2.6\commons-io-2.6.jar;C:\Users\acostaad.CORPDOM\.m2\repository\org\apache\commons\commons-lang3\3.10\commons-lang3-3.10.jar;C:\Users\acostaad.CORPDOM\.m2\repository\org\apache\httpcomponents\client5\httpclient5\5.0\httpclient5-5.0.jar;C:\Users\acostaad.CORPDOM\.m2\repository\org\apache\httpcomponents\core5\httpcore5\5.0\httpcore5-5.0.jar;C:\Users\acostaad.CORPDOM\.m2\repository\org\apache\httpcomponents\core5\httpcore5-h2\5.0\httpcore5-h2-5.0.jar;C:\Users\acostaad.CORPDOM\.m2\repository\commons-codec\commons-codec\1.13\commons-codec-1.13.jar;C:\Users\acostaad.CORPDOM\.m2\repository\org\rauschig\jarchivelib\1.0.0\jarchivelib-1.0.0.jar;C:\Users\acostaad.CORPDOM\.m2\repository\org\apache\commons\commons-compress\1.18\commons-compress-1.18.jar;C:\Users\acostaad.CORPDOM\.m2\repository\org\jsoup\jsoup\1.13.1\jsoup-1.13.1.jar;C:\Users\acostaad.CORPDOM\.m2\repository\org\seleniumhq\selenium\selenium-java\3.141.59\selenium-java-3.141.59.jar;C:\Users\acostaad.CORPDOM\.m2\repository\org\seleniumhq\selenium\selenium-api\3.141.59\selenium-api-3.141.59.jar;C:\Users\acostaad.CORPDOM\.m2\repository\org\seleniumhq\selenium\selenium-chrome-driver\3.141.59\selenium-chrome-driver-3.141.59.jar;C:\Users\acostaad.CORPDOM\.m2\repository\org\seleniumhq\selenium\selenium-edge-driver\3.141.59\selenium-edge-driver-3.141.59.jar;C:\Users\acostaad.CORPDOM\.m2\repository\org\seleniumhq\selenium\selenium-firefox-driver\3.141.59\selenium-firefox-driver-3.141.59.jar;C:\Users\acostaad.CORPDOM\.m2\repository\org\seleniumhq\selenium\selenium-ie-driver\3.141.59\selenium-ie-driver-3.141.59.jar;C:\Users\acostaad.CORPDOM\.m2\repository\org\seleniumhq\selenium\selenium-opera-driver\3.141.59\selenium-opera-driver-3.141.59.jar;C:\Users\acostaad.CORPDOM\.m2\repository\org\seleniumhq\selenium\selenium-remote-driver\3.141.59\selenium-remote-driver-3.141.59.jar;C:\Users\acostaad.CORPDOM\.m2\repository\org\seleniumhq\selenium\selenium-safari-driver\3.141.59\selenium-safari-driver-3.141.59.jar;C:\Users\acostaad.CORPDOM\.m2\repository\org\seleniumhq\selenium\selenium-support\3.141.59\selenium-support-3.141.59.jar;C:\Users\acostaad.CORPDOM\.m2\repository\net\bytebuddy\byte-buddy\1.8.15\byte-buddy-1.8.15.jar;C:\Users\acostaad.CORPDOM\.m2\repository\org\apache\commons\commons-exec\1.3\commons-exec-1.3.jar;C:\Users\acostaad.CORPDOM\.m2\repository\com\google\guava\guava\25.0-jre\guava-25.0-jre.jar;C:\Users\acostaad.CORPDOM\.m2\repository\com\google\code\findbugs\jsr305\1.3.9\jsr305-1.3.9.jar;C:\Users\acostaad.CORPDOM\.m2\repository\org\checkerframework\checker-compat-qual\2.0.0\checker-compat-qual-2.0.0.jar;C:\Users\acostaad.CORPDOM\.m2\repository\com\google\errorprone\error_prone_annotations\2.1.3\error_prone_annotations-2.1.3.jar;C:\Users\acostaad.CORPDOM\.m2\repository\com\google\j2objc\j2objc-annotations\1.1\j2objc-annotations-1.1.jar;C:\Users\acostaad.CORPDOM\.m2\repository\org\codehaus\mojo\animal-sniffer-annotations\1.14\animal-sniffer-annotations-1.14.jar;C:\Users\acostaad.CORPDOM\.m2\repository\com\squareup\okhttp3\okhttp\3.11.0\okhttp-3.11.0.jar;C:\Users\acostaad.CORPDOM\.m2\repository\com\squareup\okio\okio\1.14.0\okio-1.14.0.jar;C:\Users\acostaad.CORPDOM\.m2\repository\org\testng\testng\7.1.0\testng-7.1.0.jar;C:\Users\acostaad.CORPDOM\.m2\repository\com\beust\jcommander\1.72\jcommander-1.72.jar;C:\Users\acostaad.CORPDOM\.m2\repository\com\google\inject\guice\4.1.0\guice-4.1.0-no_aop.jar;C:\Users\acostaad.CORPDOM\.m2\repository\javax\inject\javax.inject\1\javax.inject-1.jar;C:\Users\acostaad.CORPDOM\.m2\repository\aopalliance\aopalliance\1.0\aopalliance-1.0.jar;C:\Users\acostaad.CORPDOM\.m2\repository\org\yaml\snakeyaml\1.21\snakeyaml-1.21.jar;C:\Users\acostaad.CORPDOM\.m2\repository\io\qameta\allure\allure-testng\2.13.3\allure-testng-2.13.3.jar;C:\Users\acostaad.CORPDOM\.m2\repository\io\qameta\allure\allure-java-commons\2.13.3\allure-java-commons-2.13.3.jar;C:\Users\acostaad.CORPDOM\.m2\repository\io\qameta\allure\allure-model\2.13.3\allure-model-2.13.3.jar;C:\Users\acostaad.CORPDOM\.m2\repository\com\fasterxml\jackson\core\jackson-databind\2.9.8\jackson-databind-2.9.8.jar;C:\Users\acostaad.CORPDOM\.m2\repository\com\fasterxml\jackson\core\jackson-annotations\2.9.0\jackson-annotations-2.9.0.jar;C:\Users\acostaad.CORPDOM\.m2\repository\com\fasterxml\jackson\core\jackson-core\2.9.8\jackson-core-2.9.8.jar;C:\Users\acostaad.CORPDOM\.m2\repository\org\apache\tika\tika-core\1.20\tika-core-1.20.jar;C:\Users\acostaad.CORPDOM\.m2\repository\org\jooq\joor-java-8\0.9.10\joor-java-8-0.9.10.jar;C:\Users\acostaad.CORPDOM\.m2\repository\com\google\code\gson\gson\2.8.6\gson-2.8.6.jar;C:\Users\acostaad.CORPDOM\.m2\repository\org\apache\maven\surefire\surefire-testng-utils\2.22.0\surefire-testng-utils-2.22.0.jar;C:\Users\acostaad.CORPDOM\.m2\repository\org\apache\maven\surefire\surefire-grouper\2.22.0\surefire-grouper-2.22.0.jar;"/>
    <property name="sun.cpu.endian" value="little"/>
    <property name="user.home" value="C:\Users\acostaad.CORPDOM"/>
    <property name="user.language" value="en"/>
    <property name="java.specification.vendor" value="Oracle Corporation"/>
    <property name="java.home" value="C:\Program Files\Java\jdk1.8.0_251\jre"/>
    <property name="basedir" value="C:\Users\acostaad.CORPDOM\IdeaProjects\opencart-e2e-framework"/>
    <property name="file.separator" value="\"/>
    <property name="line.separator" value="&#10;"/>
    <property name="java.vm.specification.vendor" value="Oracle Corporation"/>
    <property name="java.specification.name" value="Java Platform API Specification"/>
    <property name="java.awt.graphicsenv" value="sun.awt.Win32GraphicsEnvironment"/>
    <property name="idea.version2020.1.2" value="true"/>
    <property name="sun.boot.class.path" value="C:\Program Files\Java\jdk1.8.0_251\jre\lib\resources.jar;C:\Program Files\Java\jdk1.8.0_251\jre\lib\rt.jar;C:\Program Files\Java\jdk1.8.0_251\jre\lib\sunrsasign.jar;C:\Program Files\Java\jdk1.8.0_251\jre\lib\jsse.jar;C:\Program Files\Java\jdk1.8.0_251\jre\lib\jce.jar;C:\Program Files\Java\jdk1.8.0_251\jre\lib\charsets.jar;C:\Program Files\Java\jdk1.8.0_251\jre\lib\jfr.jar;C:\Program Files\Java\jdk1.8.0_251\jre\classes"/>
    <property name="user.script" value=""/>
    <property name="sun.management.compiler" value="HotSpot 64-Bit Tiered Compilers"/>
    <property name="java.runtime.version" value="1.8.0_251-b08"/>
    <property name="user.name" value="acostaad"/>
    <property name="path.separator" value=";"/>
    <property name="os.version" value="10.0"/>
    <property name="java.endorsed.dirs" value="C:\Program Files\Java\jdk1.8.0_251\jre\lib\endorsed"/>
    <property name="java.runtime.name" value="Java(TM) SE Runtime Environment"/>
    <property name="file.encoding" value="Cp1252"/>
    <property name="java.vm.name" value="Java HotSpot(TM) 64-Bit Server VM"/>
    <property name="localRepository" value="C:\Users\acostaad.CORPDOM\.m2\repository"/>
    <property name="java.vendor.url.bug" value="http://bugreport.sun.com/bugreport/"/>
    <property name="java.io.tmpdir" value="C:\Users\ACOSTA~1.COR\AppData\Local\Temp\"/>
    <property name="java.version" value="1.8.0_251"/>
    <property name="user.dir" value="C:\Users\acostaad.CORPDOM\IdeaProjects\opencart-e2e-framework"/>
    <property name="os.arch" value="amd64"/>
    <property name="java.vm.specification.name" value="Java Virtual Machine Specification"/>
    <property name="java.awt.printerjob" value="sun.awt.windows.WPrinterJob"/>
    <property name="sun.os.patch.level" value=""/>
    <property name="java.library.path" value="C:\Program Files\Java\jdk1.8.0_251\jre\bin;C:\WINDOWS\Sun\Java\bin;C:\WINDOWS\system32;C:\WINDOWS;C:\Program Files (x86)\Common Files\Oracle\Java\javapath;C:\Python38\Scripts\;C:\Python38\;c:\program files (x86)\intel\icls client\;c:\program files\intel\icls client\;C:\WINDOWS\system32;C:\WINDOWS;C:\WINDOWS\system32\wbem;C:\WINDOWS\system32\windowspowershell\v1.0\;C:\WINDOWS\system32\windowspowershell\v1.0\;c:\program files\intel\wifi\bin\;c:\program files\common files\intel\wirelesscommon\;c:\programdata\chocolatey\bin;c:\program files\dotnet\;c:\program files\microsoft sql server\130\tools\binn\;c:\program files (x86)\intel\intel(r) management engine components\dal;c:\program files\intel\intel(r) management engine components\dal;c:\program files (x86)\intel\intel(r) management engine components\ipt;c:\program files\intel\intel(r) management engine components\ipt;c:\program files (x86)\microsoft vs code\bin;c:\windows\system32;C:\Program Files (x86)\Microsoft VS Code\bin;C:\Program Files\Git\cmd;C:\Program Files\nodejs\;C:\Users\acostaad.CORPDOM\scoop\shims;C:\Users\acostaad.CORPDOM\AppData\Local\Programs\Python\Python37\Scripts\;C:\Users\acostaad.CORPDOM\AppData\Local\Programs\Python\Python37\;C:\Users\acostaad.CORPDOM\AppData\Local\Microsoft\WindowsApps;C:\Users\acostaad.CORPDOM\AppData\Local\atom\bin;C:\sdrivers\;C:\Users\acostaad.CORPDOM\AppData\Roaming\npm;C:\Program Files\JetBrains\IntelliJ IDEA Community Edition 2020.1.1\bin;C:\APPS\apache-maven-3.6.3\bin;;."/>
    <property name="java.vm.info" value="mixed mode"/>
    <property name="java.vendor" value="Oracle Corporation"/>
    <property name="java.vm.version" value="25.251-b08"/>
    <property name="java.ext.dirs" value="C:\Program Files\Java\jdk1.8.0_251\jre\lib\ext;C:\WINDOWS\Sun\Java\lib\ext"/>
    <property name="sun.io.unicode.encoding" value="UnicodeLittle"/>
    <property name="java.class.version" value="52.0"/>
  </properties>
  <testcase name="createNewUser" classname="testcase1.newUserTest" time="3.939"/>
</testsuite>