<?xml version="1.0" encoding="UTF-8"?>
<!-- Generated by org.testng.reporters.JUnitReportReporter -->
<testsuite skipped="0" hostname="CRacostaad01" name="loginTest" tests="1" failures="0" timestamp="2020-06-05T20:59:44 CST" time="14.439" errors="0">
  <testcase name="allow_user_to_login" time="14.439" classname="loginTest"/>
  <system-out/>
</testsuite> <!-- loginTest -->
