<?xml version="1.0" encoding="UTF-8"?>
<!-- Generated by org.testng.reporters.JUnitReportReporter -->
<testsuite skipped="0" hostname="CRacostaad01" name="testcase1.newUserTest" tests="1" failures="0" timestamp="2020-07-03T01:12:31 CST" time="11.809" errors="0">
  <testcase name="createNewUser" time="11.809" classname="testcase1.newUserTest"/>
  <system-out/>
</testsuite> <!-- testcase1.newUserTest -->
