<?xml version="1.0" encoding="UTF-8"?>
<!-- Generated by org.testng.reporters.JUnitReportReporter -->
<testsuite skipped="0" hostname="CRacostaad01" name="loginTest" tests="2" failures="0" timestamp="2020-06-19T20:55:45 CST" time="16.746" errors="0">
  <testcase name="allow_user_to_login" time="10.606" classname="loginTest"/>
  <system-out/>
  <testcase name="do_not_allow_user_to_do_login" time="6.140" classname="loginTest"/>
  <system-out/>
</testsuite> <!-- loginTest -->
